<html>
<body>
<pre>
<h1>µVision Build Log</h1>
<h2>Project:</h2>
D:\arm\uart\uart.uvproj
Project File Date:  07/15/2024

<h2>Output:</h2>
Rebuild target 'Target 1'
assembling Startup.s...
compiling uart.c...
linking...
Program Size: Code=1612 RO-data=32 RW-data=4 ZI-data=1260  
FromELF: creating hex file...
".\uart.axf" - 0 Error(s), 0 Warning(s).
</pre>
</body>
</html>
.c" - 0 Error(s), 0 Warning(s).
in.
Not enough information to list image symbols.
Not enough information to list the image map.
Finished: 2 information, 1 warning and 1 error messages.
".\uart.axf" - 1 Error(s), 1 Warning(s).
Target not created
compiling uart.c...
uart.c(54): error:  #268: declaration may not appear after executable statement in block
          char ch = U0RBR;
uart.c(129): warning:  #550-D: variable "len" was set but never used
      int len = 0;
uart.c: 1 warning, 1 error
"uart.c" - 1 Error(s), 1 Warning(s).
compiling uart.c...
uart.c(54): error:  #268: declaration may not appear after executable statement in block
          char ch = U0RBR;
uart.c(129): warning:  #550-D: variable "len" was set but never used
      unsigned int len ;
uart.c: 1 warning, 1 error
"uart.c" - 1 Error(s), 1 Warning(s).
compiling uart.c...
uart.c(54): error:  #268: declaration may not appear after executable statement in block
          char ch = U0RBR;
uart.c(129): warning:  #550-D: variable "fire" was set but never used
      unsigned int fire ;
uart.c: 1 warning, 1 error
"uart.c" - 1 Error(s), 1 Warning(s).
compiling uart.c...
uart.c(54): error:  #268: declaration may not appear after executable statement in block
          char ch = U0RBR;
uart.c(128): warning:  #550-D: variable "fire" was set but never used
        unsigned int fire ;
uart.c: 1 warning, 1 error
"uart.c" - 1 Error(s), 1 Warning(s).
compiling uart.c...
uart.c(54): error:  #268: declaration may not appear after executable statement in block
          char ch = U0RBR;
uart.c: 0 warnings, 1 error
"uart.c" - 1 Error(s), 0 Warning(s).
compiling uart.c...
uart.c(54): error:  #268: declaration may not appear after executable statement in block
          char ch[] = U0RBR;
uart.c(54): error:  #28: expression must have a constant value
          char ch[] = U0RBR;
uart.c(54): warning:  #520-D: initialization with "{...}" expected for aggregate object
          char ch[] = U0RBR;
uart.c(54): error:  #29: expected an expression
          char ch[] = U0RBR;
uart.c(55): error:  #42: operand types are incompatible ("char *" and "int")
          if (ch == '\r') // Check for end of string
uart.c(62): error:  #513: a value of type "char *" cannot be assigned to an entity of type "char"
              str[i] = ch;
uart.c: 1 warning, 5 errors
"uart.c" - 5 Error(s), 1 Warning(s).
compiling uart.c...
uart.c(54): error:  #268: declaration may not appear after executable statement in block
          char ch[] = U0RBR;
uart.c(54): error:  #28: expression must have a constant value
          char ch[] = U0RBR;
uart.c(54): warning:  #520-D: initialization with "{...}" expected for aggregate object
          char ch[] = U0RBR;
uart.c(54): error:  #29: expected an expression
          char ch[] = U0RBR;
uart.c(55): error:  #42: operand types are incompatible ("char *" and "int")
          if (ch == '\r') // Check for end of string
uart.c(62): error:  #513: a value of type "char *" cannot be assigned to an entity of type "char"
              str[i] = ch;
uart.c: 1 warning, 5 errors
"uart.c" - 5 Error(s), 1 Warning(s).
compiling uart.c...
uart.c(54): error:  #268: declaration may not appear after executable statement in block
          char ch = U0RBR;
uart.c: 0 warnings, 1 error
"uart.c" - 1 Error(s), 0 Warning(s).
compiling uart.c...
"uart.c" - 0 Error(s), 0 Warning(s).
